<?xml version="1.0" encoding="UTF-8"?>
<!-- Generated by org.testng.reporters.JUnitXMLReporter -->
<testsuite hostname="DESKTOP-GHANSI5" ignored="1" name="Testfirefox2" tests="2" failures="0" timestamp="16 Nov 2017 05:36:11 GMT" time="44.788" errors="0">
  <testcase name="testValidLogin" time="4.402" classname="script.ValidLogin"/>
  <testcase name="testInvalidLogin" time="14.899" classname="script.InvalidLogin"/>
  <testcase name="testVerifyVersion" time="0.0" classname="script.VerifyVersion">
    <ignored/>
  </testcase> <!-- testVerifyVersion -->
</testsuite> <!-- Testfirefox2 -->
