<?xml version="1.0" encoding="UTF-8"?>
<!-- Generated by org.testng.reporters.JUnitXMLReporter -->
<testsuite hostname="DESKTOP-GHANSI5" ignored="1" name="Testchrome" tests="2" failures="0" timestamp="16 Nov 2017 05:36:27 GMT" time="60.951" errors="0">
  <testcase name="testValidLogin" time="8.678" classname="script.ValidLogin"/>
  <testcase name="testInvalidLogin" time="11.233" classname="script.InvalidLogin"/>
  <testcase name="testVerifyVersion" time="0.0" classname="script.VerifyVersion">
    <ignored/>
  </testcase> <!-- testVerifyVersion -->
</testsuite> <!-- Testchrome -->
