<?xml version="1.0" encoding="UTF-8"?>
<!-- Generated by org.testng.reporters.JUnitXMLReporter -->
<testsuite hostname="DESKTOP-GHANSI5" ignored="2" name="Testchrome1" tests="1" failures="0" timestamp="16 Nov 2017 07:48:12 GMT" time="22.19" errors="0">
  <testcase name="testVerifyVersion" time="16.448" classname="script.VerifyVersion"/>
  <testcase name="testInvalidLogin" time="0.0" classname="script.InvalidLogin">
    <ignored/>
  </testcase> <!-- testInvalidLogin -->
  <testcase name="testValidLogin" time="0.0" classname="script.ValidLogin">
    <ignored/>
  </testcase> <!-- testValidLogin -->
</testsuite> <!-- Testchrome1 -->
