<?xml version="1.0" encoding="UTF-8"?>
<!-- Generated by org.testng.reporters.JUnitXMLReporter -->
<testsuite hostname="DESKTOP-GHANSI5" ignored="2" name="Testfirefox2" tests="1" failures="0" timestamp="16 Nov 2017 07:37:28 GMT" time="35.458" errors="0">
  <testcase name="testVerifyVersion" time="17.6" classname="script.VerifyVersion"/>
  <testcase name="testInvalidLogin" time="0.0" classname="script.InvalidLogin">
    <ignored/>
  </testcase> <!-- testInvalidLogin -->
  <testcase name="testValidLogin" time="0.0" classname="script.ValidLogin">
    <ignored/>
  </testcase> <!-- testValidLogin -->
</testsuite> <!-- Testfirefox2 -->
