<?xml version="1.0" encoding="UTF-8"?>
<!-- Generated by org.testng.reporters.JUnitXMLReporter -->
<testsuite hostname="DESKTOP-GHANSI5" ignored="0" name="Testchrome1" tests="3" failures="0" timestamp="16 Nov 2017 08:00:59 GMT" time="74.595" errors="0">
  <testcase name="testValidLogin" time="7.601" classname="script.ValidLogin"/>
  <testcase name="testVerifyVersion" time="16.445" classname="script.VerifyVersion"/>
  <testcase name="testInvalidLogin" time="10.133" classname="script.InvalidLogin"/>
</testsuite> <!-- Testchrome1 -->
