<?xml version="1.0" encoding="UTF-8"?>
<testng-results skipped="0" failed="0" ignored="2" total="6" passed="4">
  <reporter-output>
    <line>
      <![CDATA[actiTIME - Enter Time-Track]]>
    </line>
    <line>
      <![CDATA[Title is matching]]>
    </line>
    <line>
      <![CDATA[Error message is displayed]]>
    </line>
    <line>
      <![CDATA[Error message is displayed]]>
    </line>
    <line>
      <![CDATA[Error message is displayed]]>
    </line>
    <line>
      <![CDATA[Error message is displayed]]>
    </line>
    <line>
      <![CDATA[Error message is displayed]]>
    </line>
    <line>
      <![CDATA[Error message is displayed]]>
    </line>
  </reporter-output>
  <suite name="Suite" duration-ms="92821" started-at="2017-11-16T07:59:44Z" finished-at="2017-11-16T08:01:17Z">
    <groups>
      <group name="smoke">
        <method signature="ValidLogin.testValidLogin()[pri:1, instance:script.ValidLogin@42d3bd8b]" name="testValidLogin" class="script.ValidLogin"/>
      </group> <!-- smoke -->
      <group name="login">
        <method signature="InvalidLogin.testInvalidLogin()[pri:2, instance:script.InvalidLogin@dfd3711]" name="testInvalidLogin" class="script.InvalidLogin"/>
        <method signature="ValidLogin.testValidLogin()[pri:1, instance:script.ValidLogin@42d3bd8b]" name="testValidLogin" class="script.ValidLogin"/>
      </group> <!-- login -->
      <group name="version">
        <method signature="VerifyVersion.testVerifyVersion()[pri:1, instance:script.VerifyVersion@26ba2a48]" name="testVerifyVersion" class="script.VerifyVersion"/>
        <method signature="VerifyVersion.testVerifyVersion()[pri:1, instance:script.VerifyVersion@2d554825]" name="testVerifyVersion" class="script.VerifyVersion"/>
      </group> <!-- version -->
    </groups>
    <test name="Testchrome1" duration-ms="74595" started-at="2017-11-16T07:59:44Z" finished-at="2017-11-16T08:00:59Z">
      <class name="script.InvalidLogin">
        <test-method status="PASS" signature="openApplication(java.lang.String, java.lang.String)[pri:0, instance:script.InvalidLogin@dfd3711]" name="openApplication" is-config="true" duration-ms="12213" started-at="2017-11-16T13:30:36Z" finished-at="2017-11-16T13:30:48Z">
          <params>
            <param index="0">
              <value>
                <![CDATA[http://192.168.0.112:4444/wd/hub]]>
              </value>
            </param>
            <param index="1">
              <value>
                <![CDATA[chrome]]>
              </value>
            </param>
          </params>
          <reporter-output>
          </reporter-output>
        </test-method> <!-- openApplication -->
        <test-method status="PASS" signature="testInvalidLogin()[pri:2, instance:script.InvalidLogin@dfd3711]" name="testInvalidLogin" duration-ms="10133" started-at="2017-11-16T13:30:48Z" finished-at="2017-11-16T13:30:58Z">
          <reporter-output>
            <line>
              <![CDATA[Error message is displayed]]>
            </line>
            <line>
              <![CDATA[Error message is displayed]]>
            </line>
            <line>
              <![CDATA[Error message is displayed]]>
            </line>
            <line>
              <![CDATA[Error message is displayed]]>
            </line>
            <line>
              <![CDATA[Error message is displayed]]>
            </line>
            <line>
              <![CDATA[Error message is displayed]]>
            </line>
          </reporter-output>
        </test-method> <!-- testInvalidLogin -->
        <test-method status="PASS" signature="closeApplication()[pri:0, instance:script.InvalidLogin@dfd3711]" name="closeApplication" is-config="true" duration-ms="301" started-at="2017-11-16T13:30:58Z" finished-at="2017-11-16T13:30:59Z">
          <reporter-output>
          </reporter-output>
        </test-method> <!-- closeApplication -->
      </class> <!-- script.InvalidLogin -->
      <class name="script.ValidLogin">
        <test-method status="PASS" signature="openApplication(java.lang.String, java.lang.String)[pri:0, instance:script.ValidLogin@42d3bd8b]" name="openApplication" is-config="true" duration-ms="14293" started-at="2017-11-16T13:29:44Z" finished-at="2017-11-16T13:29:58Z">
          <params>
            <param index="0">
              <value>
                <![CDATA[http://192.168.0.112:4444/wd/hub]]>
              </value>
            </param>
            <param index="1">
              <value>
                <![CDATA[chrome]]>
              </value>
            </param>
          </params>
          <reporter-output>
          </reporter-output>
        </test-method> <!-- openApplication -->
        <test-method status="PASS" signature="testValidLogin()[pri:1, instance:script.ValidLogin@42d3bd8b]" name="testValidLogin" duration-ms="7601" started-at="2017-11-16T13:29:58Z" finished-at="2017-11-16T13:30:06Z">
          <reporter-output>
            <line>
              <![CDATA[actiTIME - Enter Time-Track]]>
            </line>
            <line>
              <![CDATA[Title is matching]]>
            </line>
          </reporter-output>
        </test-method> <!-- testValidLogin -->
        <test-method status="PASS" signature="closeApplication()[pri:0, instance:script.ValidLogin@42d3bd8b]" name="closeApplication" is-config="true" duration-ms="3383" started-at="2017-11-16T13:30:06Z" finished-at="2017-11-16T13:30:09Z">
          <reporter-output>
          </reporter-output>
        </test-method> <!-- closeApplication -->
      </class> <!-- script.ValidLogin -->
      <class name="script.VerifyVersion">
        <test-method status="PASS" signature="openApplication(java.lang.String, java.lang.String)[pri:0, instance:script.VerifyVersion@26ba2a48]" name="openApplication" is-config="true" duration-ms="8079" started-at="2017-11-16T13:30:09Z" finished-at="2017-11-16T13:30:18Z">
          <params>
            <param index="0">
              <value>
                <![CDATA[http://192.168.0.112:4444/wd/hub]]>
              </value>
            </param>
            <param index="1">
              <value>
                <![CDATA[chrome]]>
              </value>
            </param>
          </params>
          <reporter-output>
          </reporter-output>
        </test-method> <!-- openApplication -->
        <test-method status="PASS" signature="testVerifyVersion()[pri:1, instance:script.VerifyVersion@26ba2a48]" name="testVerifyVersion" duration-ms="16445" started-at="2017-11-16T13:30:18Z" finished-at="2017-11-16T13:30:34Z">
          <reporter-output>
          </reporter-output>
        </test-method> <!-- testVerifyVersion -->
        <test-method status="PASS" signature="closeApplication()[pri:0, instance:script.VerifyVersion@26ba2a48]" name="closeApplication" is-config="true" duration-ms="2106" started-at="2017-11-16T13:30:34Z" finished-at="2017-11-16T13:30:36Z">
          <reporter-output>
          </reporter-output>
        </test-method> <!-- closeApplication -->
      </class> <!-- script.VerifyVersion -->
    </test> <!-- Testchrome1 -->
    <test name="Testfirefox1" duration-ms="92821" started-at="2017-11-16T07:59:44Z" finished-at="2017-11-16T08:01:17Z">
      <class name="script.VerifyVersion">
        <test-method status="PASS" signature="openApplication(java.lang.String, java.lang.String)[pri:0, instance:script.VerifyVersion@2d554825]" name="openApplication" is-config="true" duration-ms="72045" started-at="2017-11-16T13:29:44Z" finished-at="2017-11-16T13:30:56Z">
          <params>
            <param index="0">
              <value>
                <![CDATA[http://192.168.0.112:4444/wd/hub]]>
              </value>
            </param>
            <param index="1">
              <value>
                <![CDATA[firefox]]>
              </value>
            </param>
          </params>
          <reporter-output>
          </reporter-output>
        </test-method> <!-- openApplication -->
        <test-method status="PASS" signature="testVerifyVersion()[pri:1, instance:script.VerifyVersion@2d554825]" name="testVerifyVersion" duration-ms="19795" started-at="2017-11-16T13:30:56Z" finished-at="2017-11-16T13:31:16Z">
          <reporter-output>
          </reporter-output>
        </test-method> <!-- testVerifyVersion -->
        <test-method status="PASS" signature="closeApplication()[pri:0, instance:script.VerifyVersion@2d554825]" name="closeApplication" is-config="true" duration-ms="948" started-at="2017-11-16T13:31:16Z" finished-at="2017-11-16T13:31:17Z">
          <reporter-output>
          </reporter-output>
        </test-method> <!-- closeApplication -->
      </class> <!-- script.VerifyVersion -->
    </test> <!-- Testfirefox1 -->
  </suite> <!-- Suite -->
</testng-results>
