<?xml version="1.0" encoding="UTF-8"?>
<testng-results skipped="0" failed="0" ignored="0" total="2" passed="2">
  <reporter-output>
    <line>
      <![CDATA[actiTIME - Enter Time-Track]]>
    </line>
    <line>
      <![CDATA[Title is matching]]>
    </line>
    <line>
      <![CDATA[Error message is displayed]]>
    </line>
    <line>
      <![CDATA[Error message is displayed]]>
    </line>
    <line>
      <![CDATA[Error message is displayed]]>
    </line>
    <line>
      <![CDATA[Error message is displayed]]>
    </line>
    <line>
      <![CDATA[Error message is displayed]]>
    </line>
    <line>
      <![CDATA[Error message is displayed]]>
    </line>
  </reporter-output>
  <suite name="Suite" duration-ms="24569" started-at="2017-11-15T16:50:51Z" finished-at="2017-11-15T16:51:16Z">
    <groups>
      <group name="smoke">
        <method signature="ValidLogin.testValidLogin()[pri:0, instance:script.ValidLogin@4f933fd1]" name="testValidLogin" class="script.ValidLogin"/>
      </group> <!-- smoke -->
      <group name="login">
        <method signature="InvalidLogin.testInvalidLogin()[pri:0, instance:script.InvalidLogin@548a9f61]" name="testInvalidLogin" class="script.InvalidLogin"/>
        <method signature="ValidLogin.testValidLogin()[pri:0, instance:script.ValidLogin@4f933fd1]" name="testValidLogin" class="script.ValidLogin"/>
      </group> <!-- login -->
    </groups>
    <test name="Test" duration-ms="24569" started-at="2017-11-15T16:50:51Z" finished-at="2017-11-15T16:51:16Z">
      <class name="script.InvalidLogin">
        <test-method status="PASS" signature="openApplication()[pri:0, instance:script.InvalidLogin@548a9f61]" name="openApplication" is-config="true" duration-ms="4805" started-at="2017-11-15T22:21:02Z" finished-at="2017-11-15T22:21:07Z">
          <reporter-output>
          </reporter-output>
        </test-method> <!-- openApplication -->
        <test-method status="PASS" signature="testInvalidLogin()[pri:0, instance:script.InvalidLogin@548a9f61]" name="testInvalidLogin" duration-ms="6313" started-at="2017-11-15T22:21:07Z" finished-at="2017-11-15T22:21:13Z">
          <reporter-output>
            <line>
              <![CDATA[Error message is displayed]]>
            </line>
            <line>
              <![CDATA[Error message is displayed]]>
            </line>
            <line>
              <![CDATA[Error message is displayed]]>
            </line>
            <line>
              <![CDATA[Error message is displayed]]>
            </line>
            <line>
              <![CDATA[Error message is displayed]]>
            </line>
            <line>
              <![CDATA[Error message is displayed]]>
            </line>
          </reporter-output>
        </test-method> <!-- testInvalidLogin -->
        <test-method status="PASS" signature="closeApplication()[pri:0, instance:script.InvalidLogin@548a9f61]" name="closeApplication" is-config="true" duration-ms="2328" started-at="2017-11-15T22:21:13Z" finished-at="2017-11-15T22:21:16Z">
          <reporter-output>
          </reporter-output>
        </test-method> <!-- closeApplication -->
      </class> <!-- script.InvalidLogin -->
      <class name="script.ValidLogin">
        <test-method status="PASS" signature="openApplication()[pri:0, instance:script.ValidLogin@4f933fd1]" name="openApplication" is-config="true" duration-ms="6218" started-at="2017-11-15T22:20:51Z" finished-at="2017-11-15T22:20:57Z">
          <reporter-output>
          </reporter-output>
        </test-method> <!-- openApplication -->
        <test-method status="PASS" signature="testValidLogin()[pri:0, instance:script.ValidLogin@4f933fd1]" name="testValidLogin" duration-ms="2513" started-at="2017-11-15T22:20:57Z" finished-at="2017-11-15T22:21:00Z">
          <reporter-output>
            <line>
              <![CDATA[actiTIME - Enter Time-Track]]>
            </line>
            <line>
              <![CDATA[Title is matching]]>
            </line>
          </reporter-output>
        </test-method> <!-- testValidLogin -->
        <test-method status="PASS" signature="closeApplication()[pri:0, instance:script.ValidLogin@4f933fd1]" name="closeApplication" is-config="true" duration-ms="2365" started-at="2017-11-15T22:21:00Z" finished-at="2017-11-15T22:21:02Z">
          <reporter-output>
          </reporter-output>
        </test-method> <!-- closeApplication -->
      </class> <!-- script.ValidLogin -->
    </test> <!-- Test -->
  </suite> <!-- Suite -->
</testng-results>
